<?xml version="1.0" encoding="UTF-8"?>
<testng-results ignored="0" total="0" passed="0" failed="0" skipped="0">
  <reporter-output>
  </reporter-output>
  <suite started-at="2023-03-08T18:34:41Z" name="Yahoo login test automation suite" finished-at="2023-03-08T18:34:41Z" duration-ms="7">
    <groups>
    </groups>
    <test started-at="2023-03-08T18:34:41Z" name="yahoologintest" finished-at="2023-03-08T18:34:41Z" duration-ms="7">
    </test> <!-- yahoologintest -->
  </suite> <!-- Yahoo login test automation suite -->
</testng-results>
